2024-06-24 14:13:01.815  INFO 30608 --- [restartedMain] c.myproject.PaperManagementApplication   : Starting PaperManagementApplication using Java 22.0.1 on LAPTOP-E6QMNTC2 with PID 30608 (E:\learning_project\software_engineering\paper-management\backend\target\classes started by Jr in E:\learning_project\software_engineering\paper-management\backend)
2024-06-24 14:13:01.821  INFO 30608 --- [restartedMain] c.myproject.PaperManagementApplication   : No active profile set, falling back to 1 default profile: "default"
2024-06-24 14:13:01.854  INFO 30608 --- [restartedMain] .e.DevToolsPropertyDefaultsPostProcessor : Devtools property defaults active! Set 'spring.devtools.add-properties' to 'false' to disable
2024-06-24 14:13:01.854  INFO 30608 --- [restartedMain] .e.DevToolsPropertyDefaultsPostProcessor : For additional web related logging consider setting the 'logging.level.web' property to 'DEBUG'
2024-06-24 14:13:02.222  INFO 30608 --- [restartedMain] .s.d.r.c.RepositoryConfigurationDelegate : Bootstrapping Spring Data JPA repositories in DEFAULT mode.
2024-06-24 14:13:02.264  INFO 30608 --- [restartedMain] .s.d.r.c.RepositoryConfigurationDelegate : Finished Spring Data repository scanning in 36 ms. Found 6 JPA repository interfaces.
2024-06-24 14:13:02.680  INFO 30608 --- [restartedMain] o.s.b.w.embedded.tomcat.TomcatWebServer  : Tomcat initialized with port(s): 8080 (http)
2024-06-24 14:13:02.688  INFO 30608 --- [restartedMain] o.apache.catalina.core.StandardService   : Starting service [Tomcat]
2024-06-24 14:13:02.688  INFO 30608 --- [restartedMain] org.apache.catalina.core.StandardEngine  : Starting Servlet engine: [Apache Tomcat/9.0.65]
2024-06-24 14:13:02.753  INFO 30608 --- [restartedMain] o.a.c.c.C.[Tomcat].[localhost].[/]       : Initializing Spring embedded WebApplicationContext
2024-06-24 14:13:02.754  INFO 30608 --- [restartedMain] w.s.c.ServletWebServerApplicationContext : Root WebApplicationContext: initialization completed in 898 ms
2024-06-24 14:13:02.796 DEBUG 30608 --- [restartedMain] com.zaxxer.hikari.HikariConfig           : Driver class com.mysql.cj.jdbc.Driver found in Thread context class loader org.springframework.boot.devtools.restart.classloader.RestartClassLoader@10c3d940
2024-06-24 14:13:02.874  INFO 30608 --- [restartedMain] o.hibernate.jpa.internal.util.LogHelper  : HHH000204: Processing PersistenceUnitInfo [name: default]
2024-06-24 14:13:02.920  INFO 30608 --- [restartedMain] org.hibernate.Version                    : HHH000412: Hibernate ORM core version 5.6.10.Final
2024-06-24 14:13:03.060  INFO 30608 --- [restartedMain] o.hibernate.annotations.common.Version   : HCANN000001: Hibernate Commons Annotations {5.1.2.Final}
2024-06-24 14:13:03.152 DEBUG 30608 --- [restartedMain] com.zaxxer.hikari.HikariConfig           : HikariPool-1 - configuration:
2024-06-24 14:13:03.154 DEBUG 30608 --- [restartedMain] com.zaxxer.hikari.HikariConfig           : allowPoolSuspension................................false
2024-06-24 14:13:03.157 DEBUG 30608 --- [restartedMain] com.zaxxer.hikari.HikariConfig           : autoCommit................................true
2024-06-24 14:13:03.158 DEBUG 30608 --- [restartedMain] com.zaxxer.hikari.HikariConfig           : catalog................................none
2024-06-24 14:13:03.158 DEBUG 30608 --- [restartedMain] com.zaxxer.hikari.HikariConfig           : connectionInitSql................................none
2024-06-24 14:13:03.158 DEBUG 30608 --- [restartedMain] com.zaxxer.hikari.HikariConfig           : connectionTestQuery................................none
2024-06-24 14:13:03.159 DEBUG 30608 --- [restartedMain] com.zaxxer.hikari.HikariConfig           : connectionTimeout................................30000
2024-06-24 14:13:03.159 DEBUG 30608 --- [restartedMain] com.zaxxer.hikari.HikariConfig           : dataSource................................none
2024-06-24 14:13:03.159 DEBUG 30608 --- [restartedMain] com.zaxxer.hikari.HikariConfig           : dataSourceClassName................................none
2024-06-24 14:13:03.160 DEBUG 30608 --- [restartedMain] com.zaxxer.hikari.HikariConfig           : dataSourceJNDI................................none
2024-06-24 14:13:03.160 DEBUG 30608 --- [restartedMain] com.zaxxer.hikari.HikariConfig           : dataSourceProperties................................{password=<masked>}
2024-06-24 14:13:03.161 DEBUG 30608 --- [restartedMain] com.zaxxer.hikari.HikariConfig           : driverClassName................................"com.mysql.cj.jdbc.Driver"
2024-06-24 14:13:03.161 DEBUG 30608 --- [restartedMain] com.zaxxer.hikari.HikariConfig           : exceptionOverrideClassName................................none
2024-06-24 14:13:03.161 DEBUG 30608 --- [restartedMain] com.zaxxer.hikari.HikariConfig           : healthCheckProperties................................{}
2024-06-24 14:13:03.161 DEBUG 30608 --- [restartedMain] com.zaxxer.hikari.HikariConfig           : healthCheckRegistry................................none
2024-06-24 14:13:03.162 DEBUG 30608 --- [restartedMain] com.zaxxer.hikari.HikariConfig           : idleTimeout................................600000
2024-06-24 14:13:03.162 DEBUG 30608 --- [restartedMain] com.zaxxer.hikari.HikariConfig           : initializationFailTimeout................................1
2024-06-24 14:13:03.163 DEBUG 30608 --- [restartedMain] com.zaxxer.hikari.HikariConfig           : isolateInternalQueries................................false
2024-06-24 14:13:03.163 DEBUG 30608 --- [restartedMain] com.zaxxer.hikari.HikariConfig           : jdbcUrl................................jdbc:mysql://localhost:3306/paper_management
2024-06-24 14:13:03.163 DEBUG 30608 --- [restartedMain] com.zaxxer.hikari.HikariConfig           : keepaliveTime................................0
2024-06-24 14:13:03.165 DEBUG 30608 --- [restartedMain] com.zaxxer.hikari.HikariConfig           : leakDetectionThreshold................................0
2024-06-24 14:13:03.166 DEBUG 30608 --- [restartedMain] com.zaxxer.hikari.HikariConfig           : maxLifetime................................1800000
2024-06-24 14:13:03.166 DEBUG 30608 --- [restartedMain] com.zaxxer.hikari.HikariConfig           : maximumPoolSize................................10
2024-06-24 14:13:03.166 DEBUG 30608 --- [restartedMain] com.zaxxer.hikari.HikariConfig           : metricRegistry................................none
2024-06-24 14:13:03.167 DEBUG 30608 --- [restartedMain] com.zaxxer.hikari.HikariConfig           : metricsTrackerFactory................................none
2024-06-24 14:13:03.167 DEBUG 30608 --- [restartedMain] com.zaxxer.hikari.HikariConfig           : minimumIdle................................10
2024-06-24 14:13:03.167 DEBUG 30608 --- [restartedMain] com.zaxxer.hikari.HikariConfig           : password................................<masked>
2024-06-24 14:13:03.168 DEBUG 30608 --- [restartedMain] com.zaxxer.hikari.HikariConfig           : poolName................................"HikariPool-1"
2024-06-24 14:13:03.168 DEBUG 30608 --- [restartedMain] com.zaxxer.hikari.HikariConfig           : readOnly................................false
2024-06-24 14:13:03.168 DEBUG 30608 --- [restartedMain] com.zaxxer.hikari.HikariConfig           : registerMbeans................................false
2024-06-24 14:13:03.168 DEBUG 30608 --- [restartedMain] com.zaxxer.hikari.HikariConfig           : scheduledExecutor................................none
2024-06-24 14:13:03.169 DEBUG 30608 --- [restartedMain] com.zaxxer.hikari.HikariConfig           : schema................................none
2024-06-24 14:13:03.169 DEBUG 30608 --- [restartedMain] com.zaxxer.hikari.HikariConfig           : threadFactory................................internal
2024-06-24 14:13:03.169 DEBUG 30608 --- [restartedMain] com.zaxxer.hikari.HikariConfig           : transactionIsolation................................default
2024-06-24 14:13:03.170 DEBUG 30608 --- [restartedMain] com.zaxxer.hikari.HikariConfig           : username................................"root"
2024-06-24 14:13:03.170 DEBUG 30608 --- [restartedMain] com.zaxxer.hikari.HikariConfig           : validationTimeout................................5000
2024-06-24 14:13:03.170  INFO 30608 --- [restartedMain] com.zaxxer.hikari.HikariDataSource       : HikariPool-1 - Starting...
2024-06-24 14:13:03.535 DEBUG 30608 --- [restartedMain] com.zaxxer.hikari.pool.HikariPool        : HikariPool-1 - Added connection com.mysql.cj.jdbc.ConnectionImpl@583d7b
2024-06-24 14:13:03.536  INFO 30608 --- [restartedMain] com.zaxxer.hikari.HikariDataSource       : HikariPool-1 - Start completed.
2024-06-24 14:13:03.557  INFO 30608 --- [restartedMain] org.hibernate.dialect.Dialect            : HHH000400: Using dialect: org.hibernate.dialect.MySQL8Dialect
2024-06-24 14:13:03.644 DEBUG 30608 --- [HikariPool-1 housekeeper] com.zaxxer.hikari.pool.HikariPool        : HikariPool-1 - Pool stats (total=1, active=0, idle=1, waiting=0)
2024-06-24 14:13:03.666 DEBUG 30608 --- [HikariPool-1 connection adder] com.zaxxer.hikari.pool.HikariPool        : HikariPool-1 - Added connection com.mysql.cj.jdbc.ConnectionImpl@379d03b5
2024-06-24 14:13:03.683 DEBUG 30608 --- [HikariPool-1 connection adder] com.zaxxer.hikari.pool.HikariPool        : HikariPool-1 - Added connection com.mysql.cj.jdbc.ConnectionImpl@76a0098e
2024-06-24 14:13:03.698 DEBUG 30608 --- [HikariPool-1 connection adder] com.zaxxer.hikari.pool.HikariPool        : HikariPool-1 - Added connection com.mysql.cj.jdbc.ConnectionImpl@479cb828
2024-06-24 14:13:03.712 DEBUG 30608 --- [HikariPool-1 connection adder] com.zaxxer.hikari.pool.HikariPool        : HikariPool-1 - Added connection com.mysql.cj.jdbc.ConnectionImpl@168ff6c1
2024-06-24 14:13:03.728 DEBUG 30608 --- [HikariPool-1 connection adder] com.zaxxer.hikari.pool.HikariPool        : HikariPool-1 - Added connection com.mysql.cj.jdbc.ConnectionImpl@12c10cf7
2024-06-24 14:13:03.744 DEBUG 30608 --- [HikariPool-1 connection adder] com.zaxxer.hikari.pool.HikariPool        : HikariPool-1 - Added connection com.mysql.cj.jdbc.ConnectionImpl@4ddd2b85
2024-06-24 14:13:03.759 DEBUG 30608 --- [HikariPool-1 connection adder] com.zaxxer.hikari.pool.HikariPool        : HikariPool-1 - Added connection com.mysql.cj.jdbc.ConnectionImpl@22a00750
2024-06-24 14:13:03.774 DEBUG 30608 --- [HikariPool-1 connection adder] com.zaxxer.hikari.pool.HikariPool        : HikariPool-1 - Added connection com.mysql.cj.jdbc.ConnectionImpl@7e253d6a
2024-06-24 14:13:03.795 DEBUG 30608 --- [HikariPool-1 connection adder] com.zaxxer.hikari.pool.HikariPool        : HikariPool-1 - Added connection com.mysql.cj.jdbc.ConnectionImpl@449a525
2024-06-24 14:13:03.795 DEBUG 30608 --- [HikariPool-1 connection adder] com.zaxxer.hikari.pool.HikariPool        : HikariPool-1 - After adding stats (total=10, active=0, idle=10, waiting=0)
2024-06-24 14:13:04.112  INFO 30608 --- [restartedMain] o.h.e.t.j.p.i.JtaPlatformInitiator       : HHH000490: Using JtaPlatform implementation: [org.hibernate.engine.transaction.jta.platform.internal.NoJtaPlatform]
2024-06-24 14:13:04.118  INFO 30608 --- [restartedMain] j.LocalContainerEntityManagerFactoryBean : Initialized JPA EntityManagerFactory for persistence unit 'default'
2024-06-24 14:13:04.495  WARN 30608 --- [restartedMain] JpaBaseConfiguration$JpaWebConfiguration : spring.jpa.open-in-view is enabled by default. Therefore, database queries may be performed during view rendering. Explicitly configure spring.jpa.open-in-view to disable this warning
2024-06-24 14:13:04.572  INFO 30608 --- [restartedMain] o.s.b.a.w.s.WelcomePageHandlerMapping    : Adding welcome page: class path resource [static/index.html]
2024-06-24 14:13:04.663  INFO 30608 --- [restartedMain] o.s.b.d.a.OptionalLiveReloadServer       : LiveReload server is running on port 35729
2024-06-24 14:13:04.684  INFO 30608 --- [restartedMain] o.s.b.w.embedded.tomcat.TomcatWebServer  : Tomcat started on port(s): 8080 (http) with context path ''
2024-06-24 14:13:04.690  INFO 30608 --- [restartedMain] c.myproject.PaperManagementApplication   : Started PaperManagementApplication in 3.17 seconds (JVM running for 3.497)
2024-06-24 14:13:04.802  INFO 30608 --- [http-nio-8080-exec-1] o.a.c.c.C.[Tomcat].[localhost].[/]       : Initializing Spring DispatcherServlet 'dispatcherServlet'
2024-06-24 14:13:04.803  INFO 30608 --- [http-nio-8080-exec-1] o.s.web.servlet.DispatcherServlet        : Initializing Servlet 'dispatcherServlet'
2024-06-24 14:13:04.806  INFO 30608 --- [http-nio-8080-exec-1] o.s.web.servlet.DispatcherServlet        : Completed initialization in 0 ms
2024-06-24 14:13:33.658 DEBUG 30608 --- [HikariPool-1 housekeeper] com.zaxxer.hikari.pool.HikariPool        : HikariPool-1 - Pool stats (total=10, active=0, idle=10, waiting=0)
2024-06-24 14:13:33.660 DEBUG 30608 --- [HikariPool-1 housekeeper] com.zaxxer.hikari.pool.HikariPool        : HikariPool-1 - Fill pool skipped, pool is at sufficient level.
2024-06-24 14:14:03.666 DEBUG 30608 --- [HikariPool-1 housekeeper] com.zaxxer.hikari.pool.HikariPool        : HikariPool-1 - Pool stats (total=10, active=0, idle=10, waiting=0)
2024-06-24 14:14:03.667 DEBUG 30608 --- [HikariPool-1 housekeeper] com.zaxxer.hikari.pool.HikariPool        : HikariPool-1 - Fill pool skipped, pool is at sufficient level.
2024-06-24 14:14:33.670 DEBUG 30608 --- [HikariPool-1 housekeeper] com.zaxxer.hikari.pool.HikariPool        : HikariPool-1 - Pool stats (total=10, active=0, idle=10, waiting=0)
2024-06-24 14:14:33.670 DEBUG 30608 --- [HikariPool-1 housekeeper] com.zaxxer.hikari.pool.HikariPool        : HikariPool-1 - Fill pool skipped, pool is at sufficient level.
2024-06-24 14:15:03.690 DEBUG 30608 --- [HikariPool-1 housekeeper] com.zaxxer.hikari.pool.HikariPool        : HikariPool-1 - Pool stats (total=10, active=0, idle=10, waiting=0)
2024-06-24 14:15:03.690 DEBUG 30608 --- [HikariPool-1 housekeeper] com.zaxxer.hikari.pool.HikariPool        : HikariPool-1 - Fill pool skipped, pool is at sufficient level.
2024-06-24 14:15:33.692 DEBUG 30608 --- [HikariPool-1 housekeeper] com.zaxxer.hikari.pool.HikariPool        : HikariPool-1 - Pool stats (total=10, active=0, idle=10, waiting=0)
2024-06-24 14:15:33.693 DEBUG 30608 --- [HikariPool-1 housekeeper] com.zaxxer.hikari.pool.HikariPool        : HikariPool-1 - Fill pool skipped, pool is at sufficient level.
2024-06-24 14:15:47.564  INFO 30608 --- [SpringApplicationShutdownHook] j.LocalContainerEntityManagerFactoryBean : Closing JPA EntityManagerFactory for persistence unit 'default'
2024-06-24 14:15:47.566  INFO 30608 --- [SpringApplicationShutdownHook] com.zaxxer.hikari.HikariDataSource       : HikariPool-1 - Shutdown initiated...
2024-06-24 14:15:47.566 DEBUG 30608 --- [SpringApplicationShutdownHook] com.zaxxer.hikari.pool.HikariPool        : HikariPool-1 - Before shutdown stats (total=10, active=0, idle=10, waiting=0)
2024-06-24 14:15:47.568 DEBUG 30608 --- [HikariPool-1 connection closer] com.zaxxer.hikari.pool.PoolBase          : HikariPool-1 - Closing connection com.mysql.cj.jdbc.ConnectionImpl@583d7b: (connection evicted)
2024-06-24 14:15:47.569 DEBUG 30608 --- [HikariPool-1 connection closer] com.zaxxer.hikari.pool.PoolBase          : HikariPool-1 - Closing connection com.mysql.cj.jdbc.ConnectionImpl@379d03b5: (connection evicted)
2024-06-24 14:15:47.570 DEBUG 30608 --- [HikariPool-1 connection closer] com.zaxxer.hikari.pool.PoolBase          : HikariPool-1 - Closing connection com.mysql.cj.jdbc.ConnectionImpl@76a0098e: (connection evicted)
2024-06-24 14:15:47.570 DEBUG 30608 --- [HikariPool-1 connection closer] com.zaxxer.hikari.pool.PoolBase          : HikariPool-1 - Closing connection com.mysql.cj.jdbc.ConnectionImpl@479cb828: (connection evicted)
2024-06-24 14:15:47.572 DEBUG 30608 --- [HikariPool-1 connection closer] com.zaxxer.hikari.pool.PoolBase          : HikariPool-1 - Closing connection com.mysql.cj.jdbc.ConnectionImpl@168ff6c1: (connection evicted)
2024-06-24 14:15:47.572 DEBUG 30608 --- [HikariPool-1 connection closer] com.zaxxer.hikari.pool.PoolBase          : HikariPool-1 - Closing connection com.mysql.cj.jdbc.ConnectionImpl@12c10cf7: (connection evicted)
2024-06-24 14:15:47.572 DEBUG 30608 --- [HikariPool-1 connection closer] com.zaxxer.hikari.pool.PoolBase          : HikariPool-1 - Closing connection com.mysql.cj.jdbc.ConnectionImpl@4ddd2b85: (connection evicted)
2024-06-24 14:15:47.573 DEBUG 30608 --- [HikariPool-1 connection closer] com.zaxxer.hikari.pool.PoolBase          : HikariPool-1 - Closing connection com.mysql.cj.jdbc.ConnectionImpl@22a00750: (connection evicted)
2024-06-24 14:15:47.573 DEBUG 30608 --- [HikariPool-1 connection closer] com.zaxxer.hikari.pool.PoolBase          : HikariPool-1 - Closing connection com.mysql.cj.jdbc.ConnectionImpl@7e253d6a: (connection evicted)
2024-06-24 14:15:47.573 DEBUG 30608 --- [HikariPool-1 connection closer] com.zaxxer.hikari.pool.PoolBase          : HikariPool-1 - Closing connection com.mysql.cj.jdbc.ConnectionImpl@449a525: (connection evicted)
2024-06-24 14:15:47.574 DEBUG 30608 --- [SpringApplicationShutdownHook] com.zaxxer.hikari.pool.HikariPool        : HikariPool-1 - After shutdown stats (total=0, active=0, idle=0, waiting=0)
2024-06-24 14:15:47.574  INFO 30608 --- [SpringApplicationShutdownHook] com.zaxxer.hikari.HikariDataSource       : HikariPool-1 - Shutdown completed.
2024-06-24 14:16:01.441  INFO 29360 --- [restartedMain] c.myproject.PaperManagementApplication   : Starting PaperManagementApplication using Java 22.0.1 on LAPTOP-E6QMNTC2 with PID 29360 (E:\learning_project\software_engineering\paper-management\backend\target\classes started by Jr in E:\learning_project\software_engineering\paper-management\backend)
2024-06-24 14:16:01.442  INFO 29360 --- [restartedMain] c.myproject.PaperManagementApplication   : No active profile set, falling back to 1 default profile: "default"
2024-06-24 14:16:01.470  INFO 29360 --- [restartedMain] .e.DevToolsPropertyDefaultsPostProcessor : Devtools property defaults active! Set 'spring.devtools.add-properties' to 'false' to disable
2024-06-24 14:16:01.470  INFO 29360 --- [restartedMain] .e.DevToolsPropertyDefaultsPostProcessor : For additional web related logging consider setting the 'logging.level.web' property to 'DEBUG'
2024-06-24 14:16:01.925  INFO 29360 --- [restartedMain] .s.d.r.c.RepositoryConfigurationDelegate : Bootstrapping Spring Data JPA repositories in DEFAULT mode.
2024-06-24 14:16:01.978  INFO 29360 --- [restartedMain] .s.d.r.c.RepositoryConfigurationDelegate : Finished Spring Data repository scanning in 44 ms. Found 6 JPA repository interfaces.
2024-06-24 14:16:02.357  INFO 29360 --- [restartedMain] o.s.b.w.embedded.tomcat.TomcatWebServer  : Tomcat initialized with port(s): 8080 (http)
2024-06-24 14:16:02.364  INFO 29360 --- [restartedMain] o.apache.catalina.core.StandardService   : Starting service [Tomcat]
2024-06-24 14:16:02.364  INFO 29360 --- [restartedMain] org.apache.catalina.core.StandardEngine  : Starting Servlet engine: [Apache Tomcat/9.0.65]
2024-06-24 14:16:02.418  INFO 29360 --- [restartedMain] o.a.c.c.C.[Tomcat].[localhost].[/]       : Initializing Spring embedded WebApplicationContext
2024-06-24 14:16:02.419  INFO 29360 --- [restartedMain] w.s.c.ServletWebServerApplicationContext : Root WebApplicationContext: initialization completed in 948 ms
2024-06-24 14:16:02.452 DEBUG 29360 --- [restartedMain] com.zaxxer.hikari.HikariConfig           : Driver class com.mysql.cj.jdbc.Driver found in Thread context class loader org.springframework.boot.devtools.restart.classloader.RestartClassLoader@10c3d940
2024-06-24 14:16:02.520  INFO 29360 --- [restartedMain] o.hibernate.jpa.internal.util.LogHelper  : HHH000204: Processing PersistenceUnitInfo [name: default]
2024-06-24 14:16:02.546  INFO 29360 --- [restartedMain] org.hibernate.Version                    : HHH000412: Hibernate ORM core version 5.6.10.Final
2024-06-24 14:16:02.635  INFO 29360 --- [restartedMain] o.hibernate.annotations.common.Version   : HCANN000001: Hibernate Commons Annotations {5.1.2.Final}
2024-06-24 14:16:02.687 DEBUG 29360 --- [restartedMain] com.zaxxer.hikari.HikariConfig           : HikariPool-1 - configuration:
2024-06-24 14:16:02.688 DEBUG 29360 --- [restartedMain] com.zaxxer.hikari.HikariConfig           : allowPoolSuspension................................false
2024-06-24 14:16:02.689 DEBUG 29360 --- [restartedMain] com.zaxxer.hikari.HikariConfig           : autoCommit................................true
2024-06-24 14:16:02.691 DEBUG 29360 --- [restartedMain] com.zaxxer.hikari.HikariConfig           : catalog................................none
2024-06-24 14:16:02.692 DEBUG 29360 --- [restartedMain] com.zaxxer.hikari.HikariConfig           : connectionInitSql................................none
2024-06-24 14:16:02.692 DEBUG 29360 --- [restartedMain] com.zaxxer.hikari.HikariConfig           : connectionTestQuery................................none
2024-06-24 14:16:02.693 DEBUG 29360 --- [restartedMain] com.zaxxer.hikari.HikariConfig           : connectionTimeout................................30000
2024-06-24 14:16:02.693 DEBUG 29360 --- [restartedMain] com.zaxxer.hikari.HikariConfig           : dataSource................................none
2024-06-24 14:16:02.693 DEBUG 29360 --- [restartedMain] com.zaxxer.hikari.HikariConfig           : dataSourceClassName................................none
2024-06-24 14:16:02.693 DEBUG 29360 --- [restartedMain] com.zaxxer.hikari.HikariConfig           : dataSourceJNDI................................none
2024-06-24 14:16:02.693 DEBUG 29360 --- [restartedMain] com.zaxxer.hikari.HikariConfig           : dataSourceProperties................................{password=<masked>}
2024-06-24 14:16:02.694 DEBUG 29360 --- [restartedMain] com.zaxxer.hikari.HikariConfig           : driverClassName................................"com.mysql.cj.jdbc.Driver"
2024-06-24 14:16:02.694 DEBUG 29360 --- [restartedMain] com.zaxxer.hikari.HikariConfig           : exceptionOverrideClassName................................none
2024-06-24 14:16:02.694 DEBUG 29360 --- [restartedMain] com.zaxxer.hikari.HikariConfig           : healthCheckProperties................................{}
2024-06-24 14:16:02.694 DEBUG 29360 --- [restartedMain] com.zaxxer.hikari.HikariConfig           : healthCheckRegistry................................none
2024-06-24 14:16:02.694 DEBUG 29360 --- [restartedMain] com.zaxxer.hikari.HikariConfig           : idleTimeout................................600000
2024-06-24 14:16:02.695 DEBUG 29360 --- [restartedMain] com.zaxxer.hikari.HikariConfig           : initializationFailTimeout................................1
2024-06-24 14:16:02.695 DEBUG 29360 --- [restartedMain] com.zaxxer.hikari.HikariConfig           : isolateInternalQueries................................false
2024-06-24 14:16:02.695 DEBUG 29360 --- [restartedMain] com.zaxxer.hikari.HikariConfig           : jdbcUrl................................jdbc:mysql://localhost:3306/paper_management
2024-06-24 14:16:02.695 DEBUG 29360 --- [restartedMain] com.zaxxer.hikari.HikariConfig           : keepaliveTime................................0
2024-06-24 14:16:02.696 DEBUG 29360 --- [restartedMain] com.zaxxer.hikari.HikariConfig           : leakDetectionThreshold................................0
2024-06-24 14:16:02.696 DEBUG 29360 --- [restartedMain] com.zaxxer.hikari.HikariConfig           : maxLifetime................................1800000
2024-06-24 14:16:02.696 DEBUG 29360 --- [restartedMain] com.zaxxer.hikari.HikariConfig           : maximumPoolSize................................10
2024-06-24 14:16:02.696 DEBUG 29360 --- [restartedMain] com.zaxxer.hikari.HikariConfig           : metricRegistry................................none
2024-06-24 14:16:02.697 DEBUG 29360 --- [restartedMain] com.zaxxer.hikari.HikariConfig           : metricsTrackerFactory................................none
2024-06-24 14:16:02.697 DEBUG 29360 --- [restartedMain] com.zaxxer.hikari.HikariConfig           : minimumIdle................................10
2024-06-24 14:16:02.697 DEBUG 29360 --- [restartedMain] com.zaxxer.hikari.HikariConfig           : password................................<masked>
2024-06-24 14:16:02.697 DEBUG 29360 --- [restartedMain] com.zaxxer.hikari.HikariConfig           : poolName................................"HikariPool-1"
2024-06-24 14:16:02.697 DEBUG 29360 --- [restartedMain] com.zaxxer.hikari.HikariConfig           : readOnly................................false
2024-06-24 14:16:02.698 DEBUG 29360 --- [restartedMain] com.zaxxer.hikari.HikariConfig           : registerMbeans................................false
2024-06-24 14:16:02.698 DEBUG 29360 --- [restartedMain] com.zaxxer.hikari.HikariConfig           : scheduledExecutor................................none
2024-06-24 14:16:02.698 DEBUG 29360 --- [restartedMain] com.zaxxer.hikari.HikariConfig           : schema................................none
2024-06-24 14:16:02.698 DEBUG 29360 --- [restartedMain] com.zaxxer.hikari.HikariConfig           : threadFactory................................internal
2024-06-24 14:16:02.699 DEBUG 29360 --- [restartedMain] com.zaxxer.hikari.HikariConfig           : transactionIsolation................................default
2024-06-24 14:16:02.701 DEBUG 29360 --- [restartedMain] com.zaxxer.hikari.HikariConfig           : username................................"root"
2024-06-24 14:16:02.701 DEBUG 29360 --- [restartedMain] com.zaxxer.hikari.HikariConfig           : validationTimeout................................5000
2024-06-24 14:16:02.702  INFO 29360 --- [restartedMain] com.zaxxer.hikari.HikariDataSource       : HikariPool-1 - Starting...
2024-06-24 14:16:02.903 DEBUG 29360 --- [restartedMain] com.zaxxer.hikari.pool.HikariPool        : HikariPool-1 - Added connection com.mysql.cj.jdbc.ConnectionImpl@520d5977
2024-06-24 14:16:02.903  INFO 29360 --- [restartedMain] com.zaxxer.hikari.HikariDataSource       : HikariPool-1 - Start completed.
2024-06-24 14:16:02.919  INFO 29360 --- [restartedMain] org.hibernate.dialect.Dialect            : HHH000400: Using dialect: org.hibernate.dialect.MySQL8Dialect
2024-06-24 14:16:03.005 DEBUG 29360 --- [HikariPool-1 housekeeper] com.zaxxer.hikari.pool.HikariPool        : HikariPool-1 - Pool stats (total=1, active=0, idle=1, waiting=0)
2024-06-24 14:16:03.019 DEBUG 29360 --- [HikariPool-1 connection adder] com.zaxxer.hikari.pool.HikariPool        : HikariPool-1 - Added connection com.mysql.cj.jdbc.ConnectionImpl@25c48d59
2024-06-24 14:16:03.031 DEBUG 29360 --- [HikariPool-1 connection adder] com.zaxxer.hikari.pool.HikariPool        : HikariPool-1 - Added connection com.mysql.cj.jdbc.ConnectionImpl@64f98762
2024-06-24 14:16:03.042 DEBUG 29360 --- [HikariPool-1 connection adder] com.zaxxer.hikari.pool.HikariPool        : HikariPool-1 - Added connection com.mysql.cj.jdbc.ConnectionImpl@5557e519
2024-06-24 14:16:03.052 DEBUG 29360 --- [HikariPool-1 connection adder] com.zaxxer.hikari.pool.HikariPool        : HikariPool-1 - Added connection com.mysql.cj.jdbc.ConnectionImpl@4d6782d
2024-06-24 14:16:03.063 DEBUG 29360 --- [HikariPool-1 connection adder] com.zaxxer.hikari.pool.HikariPool        : HikariPool-1 - Added connection com.mysql.cj.jdbc.ConnectionImpl@98004a
2024-06-24 14:16:03.073 DEBUG 29360 --- [HikariPool-1 connection adder] com.zaxxer.hikari.pool.HikariPool        : HikariPool-1 - Added connection com.mysql.cj.jdbc.ConnectionImpl@40cce06a
2024-06-24 14:16:03.084 DEBUG 29360 --- [HikariPool-1 connection adder] com.zaxxer.hikari.pool.HikariPool        : HikariPool-1 - Added connection com.mysql.cj.jdbc.ConnectionImpl@77d58199
2024-06-24 14:16:03.094 DEBUG 29360 --- [HikariPool-1 connection adder] com.zaxxer.hikari.pool.HikariPool        : HikariPool-1 - Added connection com.mysql.cj.jdbc.ConnectionImpl@2681dfe9
2024-06-24 14:16:03.103 DEBUG 29360 --- [HikariPool-1 connection adder] com.zaxxer.hikari.pool.HikariPool        : HikariPool-1 - Added connection com.mysql.cj.jdbc.ConnectionImpl@30aa7fa3
2024-06-24 14:16:03.104 DEBUG 29360 --- [HikariPool-1 connection adder] com.zaxxer.hikari.pool.HikariPool        : HikariPool-1 - After adding stats (total=10, active=0, idle=10, waiting=0)
2024-06-24 14:16:03.308  INFO 29360 --- [restartedMain] o.h.e.t.j.p.i.JtaPlatformInitiator       : HHH000490: Using JtaPlatform implementation: [org.hibernate.engine.transaction.jta.platform.internal.NoJtaPlatform]
2024-06-24 14:16:03.313  INFO 29360 --- [restartedMain] j.LocalContainerEntityManagerFactoryBean : Initialized JPA EntityManagerFactory for persistence unit 'default'
2024-06-24 14:16:03.653  WARN 29360 --- [restartedMain] JpaBaseConfiguration$JpaWebConfiguration : spring.jpa.open-in-view is enabled by default. Therefore, database queries may be performed during view rendering. Explicitly configure spring.jpa.open-in-view to disable this warning
2024-06-24 14:16:03.723  INFO 29360 --- [restartedMain] o.s.b.a.w.s.WelcomePageHandlerMapping    : Adding welcome page: class path resource [static/index.html]
2024-06-24 14:16:03.802  INFO 29360 --- [restartedMain] o.s.b.d.a.OptionalLiveReloadServer       : LiveReload server is running on port 35729
2024-06-24 14:16:03.820  INFO 29360 --- [restartedMain] o.s.b.w.embedded.tomcat.TomcatWebServer  : Tomcat started on port(s): 8080 (http) with context path ''
2024-06-24 14:16:03.825  INFO 29360 --- [restartedMain] c.myproject.PaperManagementApplication   : Started PaperManagementApplication in 2.637 seconds (JVM running for 2.914)
2024-06-24 14:16:03.936  INFO 29360 --- [http-nio-8080-exec-1] o.a.c.c.C.[Tomcat].[localhost].[/]       : Initializing Spring DispatcherServlet 'dispatcherServlet'
2024-06-24 14:16:03.937  INFO 29360 --- [http-nio-8080-exec-1] o.s.web.servlet.DispatcherServlet        : Initializing Servlet 'dispatcherServlet'
2024-06-24 14:16:03.939  INFO 29360 --- [http-nio-8080-exec-1] o.s.web.servlet.DispatcherServlet        : Completed initialization in 0 ms
2024-06-24 14:16:33.015 DEBUG 29360 --- [HikariPool-1 housekeeper] com.zaxxer.hikari.pool.HikariPool        : HikariPool-1 - Pool stats (total=10, active=0, idle=10, waiting=0)
2024-06-24 14:16:33.017 DEBUG 29360 --- [HikariPool-1 housekeeper] com.zaxxer.hikari.pool.HikariPool        : HikariPool-1 - Fill pool skipped, pool is at sufficient level.
2024-06-24 14:17:03.024 DEBUG 29360 --- [HikariPool-1 housekeeper] com.zaxxer.hikari.pool.HikariPool        : HikariPool-1 - Pool stats (total=10, active=0, idle=10, waiting=0)
2024-06-24 14:17:03.024 DEBUG 29360 --- [HikariPool-1 housekeeper] com.zaxxer.hikari.pool.HikariPool        : HikariPool-1 - Fill pool skipped, pool is at sufficient level.
2024-06-24 14:17:33.038 DEBUG 29360 --- [HikariPool-1 housekeeper] com.zaxxer.hikari.pool.HikariPool        : HikariPool-1 - Pool stats (total=10, active=0, idle=10, waiting=0)
2024-06-24 14:17:33.039 DEBUG 29360 --- [HikariPool-1 housekeeper] com.zaxxer.hikari.pool.HikariPool        : HikariPool-1 - Fill pool skipped, pool is at sufficient level.
2024-06-24 14:18:03.047 DEBUG 29360 --- [HikariPool-1 housekeeper] com.zaxxer.hikari.pool.HikariPool        : HikariPool-1 - Pool stats (total=10, active=0, idle=10, waiting=0)
2024-06-24 14:18:03.047 DEBUG 29360 --- [HikariPool-1 housekeeper] com.zaxxer.hikari.pool.HikariPool        : HikariPool-1 - Fill pool skipped, pool is at sufficient level.
2024-06-24 14:18:33.059 DEBUG 29360 --- [HikariPool-1 housekeeper] com.zaxxer.hikari.pool.HikariPool        : HikariPool-1 - Pool stats (total=10, active=0, idle=10, waiting=0)
2024-06-24 14:18:33.060 DEBUG 29360 --- [HikariPool-1 housekeeper] com.zaxxer.hikari.pool.HikariPool        : HikariPool-1 - Fill pool skipped, pool is at sufficient level.
2024-06-24 14:19:03.061 DEBUG 29360 --- [HikariPool-1 housekeeper] com.zaxxer.hikari.pool.HikariPool        : HikariPool-1 - Pool stats (total=10, active=0, idle=10, waiting=0)
2024-06-24 14:19:03.063 DEBUG 29360 --- [HikariPool-1 housekeeper] com.zaxxer.hikari.pool.HikariPool        : HikariPool-1 - Fill pool skipped, pool is at sufficient level.
2024-06-24 14:19:33.076 DEBUG 29360 --- [HikariPool-1 housekeeper] com.zaxxer.hikari.pool.HikariPool        : HikariPool-1 - Pool stats (total=10, active=0, idle=10, waiting=0)
2024-06-24 14:19:33.076 DEBUG 29360 --- [HikariPool-1 housekeeper] com.zaxxer.hikari.pool.HikariPool        : HikariPool-1 - Fill pool skipped, pool is at sufficient level.
2024-06-24 14:20:03.084 DEBUG 29360 --- [HikariPool-1 housekeeper] com.zaxxer.hikari.pool.HikariPool        : HikariPool-1 - Pool stats (total=10, active=0, idle=10, waiting=0)
2024-06-24 14:20:03.084 DEBUG 29360 --- [HikariPool-1 housekeeper] com.zaxxer.hikari.pool.HikariPool        : HikariPool-1 - Fill pool skipped, pool is at sufficient level.
2024-06-24 14:20:33.101 DEBUG 29360 --- [HikariPool-1 housekeeper] com.zaxxer.hikari.pool.HikariPool        : HikariPool-1 - Pool stats (total=10, active=0, idle=10, waiting=0)
2024-06-24 14:20:33.102 DEBUG 29360 --- [HikariPool-1 housekeeper] com.zaxxer.hikari.pool.HikariPool        : HikariPool-1 - Fill pool skipped, pool is at sufficient level.
2024-06-24 14:21:03.113 DEBUG 29360 --- [HikariPool-1 housekeeper] com.zaxxer.hikari.pool.HikariPool        : HikariPool-1 - Pool stats (total=10, active=0, idle=10, waiting=0)
2024-06-24 14:21:03.114 DEBUG 29360 --- [HikariPool-1 housekeeper] com.zaxxer.hikari.pool.HikariPool        : HikariPool-1 - Fill pool skipped, pool is at sufficient level.
2024-06-24 14:21:33.123 DEBUG 29360 --- [HikariPool-1 housekeeper] com.zaxxer.hikari.pool.HikariPool        : HikariPool-1 - Pool stats (total=10, active=0, idle=10, waiting=0)
2024-06-24 14:21:33.124 DEBUG 29360 --- [HikariPool-1 housekeeper] com.zaxxer.hikari.pool.HikariPool        : HikariPool-1 - Fill pool skipped, pool is at sufficient level.
2024-06-24 14:22:03.127 DEBUG 29360 --- [HikariPool-1 housekeeper] com.zaxxer.hikari.pool.HikariPool        : HikariPool-1 - Pool stats (total=10, active=0, idle=10, waiting=0)
2024-06-24 14:22:03.127 DEBUG 29360 --- [HikariPool-1 housekeeper] com.zaxxer.hikari.pool.HikariPool        : HikariPool-1 - Fill pool skipped, pool is at sufficient level.
2024-06-24 14:22:33.143 DEBUG 29360 --- [HikariPool-1 housekeeper] com.zaxxer.hikari.pool.HikariPool        : HikariPool-1 - Pool stats (total=10, active=0, idle=10, waiting=0)
2024-06-24 14:22:33.144 DEBUG 29360 --- [HikariPool-1 housekeeper] com.zaxxer.hikari.pool.HikariPool        : HikariPool-1 - Fill pool skipped, pool is at sufficient level.
2024-06-24 14:23:03.151 DEBUG 29360 --- [HikariPool-1 housekeeper] com.zaxxer.hikari.pool.HikariPool        : HikariPool-1 - Pool stats (total=10, active=0, idle=10, waiting=0)
2024-06-24 14:23:03.152 DEBUG 29360 --- [HikariPool-1 housekeeper] com.zaxxer.hikari.pool.HikariPool        : HikariPool-1 - Fill pool skipped, pool is at sufficient level.
2024-06-24 14:23:33.153 DEBUG 29360 --- [HikariPool-1 housekeeper] com.zaxxer.hikari.pool.HikariPool        : HikariPool-1 - Pool stats (total=10, active=0, idle=10, waiting=0)
2024-06-24 14:23:33.153 DEBUG 29360 --- [HikariPool-1 housekeeper] com.zaxxer.hikari.pool.HikariPool        : HikariPool-1 - Fill pool skipped, pool is at sufficient level.
2024-06-24 14:24:03.165 DEBUG 29360 --- [HikariPool-1 housekeeper] com.zaxxer.hikari.pool.HikariPool        : HikariPool-1 - Pool stats (total=10, active=0, idle=10, waiting=0)
2024-06-24 14:24:03.166 DEBUG 29360 --- [HikariPool-1 housekeeper] com.zaxxer.hikari.pool.HikariPool        : HikariPool-1 - Fill pool skipped, pool is at sufficient level.
2024-06-24 14:24:33.177 DEBUG 29360 --- [HikariPool-1 housekeeper] com.zaxxer.hikari.pool.HikariPool        : HikariPool-1 - Pool stats (total=10, active=0, idle=10, waiting=0)
2024-06-24 14:24:33.177 DEBUG 29360 --- [HikariPool-1 housekeeper] com.zaxxer.hikari.pool.HikariPool        : HikariPool-1 - Fill pool skipped, pool is at sufficient level.
2024-06-24 14:25:03.182 DEBUG 29360 --- [HikariPool-1 housekeeper] com.zaxxer.hikari.pool.HikariPool        : HikariPool-1 - Pool stats (total=10, active=0, idle=10, waiting=0)
2024-06-24 14:25:03.183 DEBUG 29360 --- [HikariPool-1 housekeeper] com.zaxxer.hikari.pool.HikariPool        : HikariPool-1 - Fill pool skipped, pool is at sufficient level.
2024-06-24 14:25:33.199 DEBUG 29360 --- [HikariPool-1 housekeeper] com.zaxxer.hikari.pool.HikariPool        : HikariPool-1 - Pool stats (total=10, active=0, idle=10, waiting=0)
2024-06-24 14:25:33.200 DEBUG 29360 --- [HikariPool-1 housekeeper] com.zaxxer.hikari.pool.HikariPool        : HikariPool-1 - Fill pool skipped, pool is at sufficient level.
2024-06-24 14:26:03.210 DEBUG 29360 --- [HikariPool-1 housekeeper] com.zaxxer.hikari.pool.HikariPool        : HikariPool-1 - Pool stats (total=10, active=0, idle=10, waiting=0)
2024-06-24 14:26:03.210 DEBUG 29360 --- [HikariPool-1 housekeeper] com.zaxxer.hikari.pool.HikariPool        : HikariPool-1 - Fill pool skipped, pool is at sufficient level.
2024-06-24 14:26:33.214 DEBUG 29360 --- [HikariPool-1 housekeeper] com.zaxxer.hikari.pool.HikariPool        : HikariPool-1 - Pool stats (total=10, active=0, idle=10, waiting=0)
2024-06-24 14:26:33.215 DEBUG 29360 --- [HikariPool-1 housekeeper] com.zaxxer.hikari.pool.HikariPool        : HikariPool-1 - Fill pool skipped, pool is at sufficient level.
2024-06-24 14:27:03.222 DEBUG 29360 --- [HikariPool-1 housekeeper] com.zaxxer.hikari.pool.HikariPool        : HikariPool-1 - Pool stats (total=10, active=0, idle=10, waiting=0)
2024-06-24 14:27:03.222 DEBUG 29360 --- [HikariPool-1 housekeeper] com.zaxxer.hikari.pool.HikariPool        : HikariPool-1 - Fill pool skipped, pool is at sufficient level.
2024-06-24 14:27:33.230 DEBUG 29360 --- [HikariPool-1 housekeeper] com.zaxxer.hikari.pool.HikariPool        : HikariPool-1 - Pool stats (total=10, active=0, idle=10, waiting=0)
2024-06-24 14:27:33.230 DEBUG 29360 --- [HikariPool-1 housekeeper] com.zaxxer.hikari.pool.HikariPool        : HikariPool-1 - Fill pool skipped, pool is at sufficient level.
2024-06-24 14:28:03.240 DEBUG 29360 --- [HikariPool-1 housekeeper] com.zaxxer.hikari.pool.HikariPool        : HikariPool-1 - Pool stats (total=10, active=0, idle=10, waiting=0)
2024-06-24 14:28:03.241 DEBUG 29360 --- [HikariPool-1 housekeeper] com.zaxxer.hikari.pool.HikariPool        : HikariPool-1 - Fill pool skipped, pool is at sufficient level.
2024-06-24 14:28:33.257 DEBUG 29360 --- [HikariPool-1 housekeeper] com.zaxxer.hikari.pool.HikariPool        : HikariPool-1 - Pool stats (total=10, active=0, idle=10, waiting=0)
2024-06-24 14:28:33.257 DEBUG 29360 --- [HikariPool-1 housekeeper] com.zaxxer.hikari.pool.HikariPool        : HikariPool-1 - Fill pool skipped, pool is at sufficient level.
2024-06-24 14:29:03.265 DEBUG 29360 --- [HikariPool-1 housekeeper] com.zaxxer.hikari.pool.HikariPool        : HikariPool-1 - Pool stats (total=10, active=0, idle=10, waiting=0)
2024-06-24 14:29:03.266 DEBUG 29360 --- [HikariPool-1 housekeeper] com.zaxxer.hikari.pool.HikariPool        : HikariPool-1 - Fill pool skipped, pool is at sufficient level.
2024-06-24 14:29:33.272 DEBUG 29360 --- [HikariPool-1 housekeeper] com.zaxxer.hikari.pool.HikariPool        : HikariPool-1 - Pool stats (total=10, active=0, idle=10, waiting=0)
2024-06-24 14:29:33.273 DEBUG 29360 --- [HikariPool-1 housekeeper] com.zaxxer.hikari.pool.HikariPool        : HikariPool-1 - Fill pool skipped, pool is at sufficient level.
2024-06-24 14:30:03.281 DEBUG 29360 --- [HikariPool-1 housekeeper] com.zaxxer.hikari.pool.HikariPool        : HikariPool-1 - Pool stats (total=10, active=0, idle=10, waiting=0)
2024-06-24 14:30:03.282 DEBUG 29360 --- [HikariPool-1 housekeeper] com.zaxxer.hikari.pool.HikariPool        : HikariPool-1 - Fill pool skipped, pool is at sufficient level.
2024-06-24 14:30:33.290 DEBUG 29360 --- [HikariPool-1 housekeeper] com.zaxxer.hikari.pool.HikariPool        : HikariPool-1 - Pool stats (total=10, active=0, idle=10, waiting=0)
2024-06-24 14:30:33.291 DEBUG 29360 --- [HikariPool-1 housekeeper] com.zaxxer.hikari.pool.HikariPool        : HikariPool-1 - Fill pool skipped, pool is at sufficient level.
2024-06-24 14:31:03.305 DEBUG 29360 --- [HikariPool-1 housekeeper] com.zaxxer.hikari.pool.HikariPool        : HikariPool-1 - Pool stats (total=10, active=0, idle=10, waiting=0)
2024-06-24 14:31:03.306 DEBUG 29360 --- [HikariPool-1 housekeeper] com.zaxxer.hikari.pool.HikariPool        : HikariPool-1 - Fill pool skipped, pool is at sufficient level.
2024-06-24 14:31:33.307 DEBUG 29360 --- [HikariPool-1 housekeeper] com.zaxxer.hikari.pool.HikariPool        : HikariPool-1 - Pool stats (total=10, active=0, idle=10, waiting=0)
2024-06-24 14:31:33.309 DEBUG 29360 --- [HikariPool-1 housekeeper] com.zaxxer.hikari.pool.HikariPool        : HikariPool-1 - Fill pool skipped, pool is at sufficient level.
2024-06-24 14:32:03.322 DEBUG 29360 --- [HikariPool-1 housekeeper] com.zaxxer.hikari.pool.HikariPool        : HikariPool-1 - Pool stats (total=10, active=0, idle=10, waiting=0)
2024-06-24 14:32:03.323 DEBUG 29360 --- [HikariPool-1 housekeeper] com.zaxxer.hikari.pool.HikariPool        : HikariPool-1 - Fill pool skipped, pool is at sufficient level.
2024-06-24 14:32:33.326 DEBUG 29360 --- [HikariPool-1 housekeeper] com.zaxxer.hikari.pool.HikariPool        : HikariPool-1 - Pool stats (total=10, active=0, idle=10, waiting=0)
2024-06-24 14:32:33.327 DEBUG 29360 --- [HikariPool-1 housekeeper] com.zaxxer.hikari.pool.HikariPool        : HikariPool-1 - Fill pool skipped, pool is at sufficient level.
2024-06-24 14:33:03.329 DEBUG 29360 --- [HikariPool-1 housekeeper] com.zaxxer.hikari.pool.HikariPool        : HikariPool-1 - Pool stats (total=10, active=0, idle=10, waiting=0)
2024-06-24 14:33:03.330 DEBUG 29360 --- [HikariPool-1 housekeeper] com.zaxxer.hikari.pool.HikariPool        : HikariPool-1 - Fill pool skipped, pool is at sufficient level.
2024-06-24 14:33:33.335 DEBUG 29360 --- [HikariPool-1 housekeeper] com.zaxxer.hikari.pool.HikariPool        : HikariPool-1 - Pool stats (total=10, active=0, idle=10, waiting=0)
2024-06-24 14:33:33.336 DEBUG 29360 --- [HikariPool-1 housekeeper] com.zaxxer.hikari.pool.HikariPool        : HikariPool-1 - Fill pool skipped, pool is at sufficient level.
2024-06-24 14:34:03.343 DEBUG 29360 --- [HikariPool-1 housekeeper] com.zaxxer.hikari.pool.HikariPool        : HikariPool-1 - Pool stats (total=10, active=0, idle=10, waiting=0)
2024-06-24 14:34:03.344 DEBUG 29360 --- [HikariPool-1 housekeeper] com.zaxxer.hikari.pool.HikariPool        : HikariPool-1 - Fill pool skipped, pool is at sufficient level.
2024-06-24 14:34:24.151  INFO 29360 --- [SpringApplicationShutdownHook] j.LocalContainerEntityManagerFactoryBean : Closing JPA EntityManagerFactory for persistence unit 'default'
2024-06-24 14:34:24.161  INFO 29360 --- [SpringApplicationShutdownHook] com.zaxxer.hikari.HikariDataSource       : HikariPool-1 - Shutdown initiated...
2024-06-24 14:34:24.161 DEBUG 29360 --- [SpringApplicationShutdownHook] com.zaxxer.hikari.pool.HikariPool        : HikariPool-1 - Before shutdown stats (total=10, active=0, idle=10, waiting=0)
2024-06-24 14:34:24.163 DEBUG 29360 --- [HikariPool-1 connection closer] com.zaxxer.hikari.pool.PoolBase          : HikariPool-1 - Closing connection com.mysql.cj.jdbc.ConnectionImpl@520d5977: (connection evicted)
2024-06-24 14:34:24.171 DEBUG 29360 --- [HikariPool-1 connection closer] com.zaxxer.hikari.pool.PoolBase          : HikariPool-1 - Closing connection com.mysql.cj.jdbc.ConnectionImpl@25c48d59: (connection evicted)
2024-06-24 14:34:24.171 DEBUG 29360 --- [HikariPool-1 connection closer] com.zaxxer.hikari.pool.PoolBase          : HikariPool-1 - Closing connection com.mysql.cj.jdbc.ConnectionImpl@64f98762: (connection evicted)
2024-06-24 14:34:24.173 DEBUG 29360 --- [HikariPool-1 connection closer] com.zaxxer.hikari.pool.PoolBase          : HikariPool-1 - Closing connection com.mysql.cj.jdbc.ConnectionImpl@5557e519: (connection evicted)
2024-06-24 14:34:24.173 DEBUG 29360 --- [HikariPool-1 connection closer] com.zaxxer.hikari.pool.PoolBase          : HikariPool-1 - Closing connection com.mysql.cj.jdbc.ConnectionImpl@4d6782d: (connection evicted)
2024-06-24 14:34:24.174 DEBUG 29360 --- [HikariPool-1 connection closer] com.zaxxer.hikari.pool.PoolBase          : HikariPool-1 - Closing connection com.mysql.cj.jdbc.ConnectionImpl@98004a: (connection evicted)
2024-06-24 14:34:24.174 DEBUG 29360 --- [HikariPool-1 connection closer] com.zaxxer.hikari.pool.PoolBase          : HikariPool-1 - Closing connection com.mysql.cj.jdbc.ConnectionImpl@40cce06a: (connection evicted)
2024-06-24 14:34:24.175 DEBUG 29360 --- [HikariPool-1 connection closer] com.zaxxer.hikari.pool.PoolBase          : HikariPool-1 - Closing connection com.mysql.cj.jdbc.ConnectionImpl@77d58199: (connection evicted)
2024-06-24 14:34:24.175 DEBUG 29360 --- [HikariPool-1 connection closer] com.zaxxer.hikari.pool.PoolBase          : HikariPool-1 - Closing connection com.mysql.cj.jdbc.ConnectionImpl@2681dfe9: (connection evicted)
2024-06-24 14:34:24.176 DEBUG 29360 --- [HikariPool-1 connection closer] com.zaxxer.hikari.pool.PoolBase          : HikariPool-1 - Closing connection com.mysql.cj.jdbc.ConnectionImpl@30aa7fa3: (connection evicted)
2024-06-24 14:34:24.176 DEBUG 29360 --- [SpringApplicationShutdownHook] com.zaxxer.hikari.pool.HikariPool        : HikariPool-1 - After shutdown stats (total=0, active=0, idle=0, waiting=0)
2024-06-24 14:34:24.176  INFO 29360 --- [SpringApplicationShutdownHook] com.zaxxer.hikari.HikariDataSource       : HikariPool-1 - Shutdown completed.
2024-06-24 14:36:23.985  INFO 25168 --- [restartedMain] c.myproject.PaperManagementApplication   : Starting PaperManagementApplication using Java 22.0.1 on LAPTOP-E6QMNTC2 with PID 25168 (E:\learning_project\software_engineering\paper-management\backend\target\classes started by Jr in E:\learning_project\software_engineering\paper-management\backend)
2024-06-24 14:36:23.986  INFO 25168 --- [restartedMain] c.myproject.PaperManagementApplication   : No active profile set, falling back to 1 default profile: "default"
2024-06-24 14:36:24.016  INFO 25168 --- [restartedMain] .e.DevToolsPropertyDefaultsPostProcessor : Devtools property defaults active! Set 'spring.devtools.add-properties' to 'false' to disable
2024-06-24 14:36:24.016  INFO 25168 --- [restartedMain] .e.DevToolsPropertyDefaultsPostProcessor : For additional web related logging consider setting the 'logging.level.web' property to 'DEBUG'
2024-06-24 14:36:24.325  INFO 25168 --- [restartedMain] .s.d.r.c.RepositoryConfigurationDelegate : Bootstrapping Spring Data JPA repositories in DEFAULT mode.
2024-06-24 14:36:24.361  INFO 25168 --- [restartedMain] .s.d.r.c.RepositoryConfigurationDelegate : Finished Spring Data repository scanning in 31 ms. Found 6 JPA repository interfaces.
2024-06-24 14:36:24.749  INFO 25168 --- [restartedMain] o.s.b.w.embedded.tomcat.TomcatWebServer  : Tomcat initialized with port(s): 8080 (http)
2024-06-24 14:36:24.756  INFO 25168 --- [restartedMain] o.apache.catalina.core.StandardService   : Starting service [Tomcat]
2024-06-24 14:36:24.756  INFO 25168 --- [restartedMain] org.apache.catalina.core.StandardEngine  : Starting Servlet engine: [Apache Tomcat/9.0.65]
2024-06-24 14:36:24.805  INFO 25168 --- [restartedMain] o.a.c.c.C.[Tomcat].[localhost].[/]       : Initializing Spring embedded WebApplicationContext
2024-06-24 14:36:24.805  INFO 25168 --- [restartedMain] w.s.c.ServletWebServerApplicationContext : Root WebApplicationContext: initialization completed in 788 ms
2024-06-24 14:36:24.844 DEBUG 25168 --- [restartedMain] com.zaxxer.hikari.HikariConfig           : Driver class com.mysql.cj.jdbc.Driver found in Thread context class loader org.springframework.boot.devtools.restart.classloader.RestartClassLoader@10c3d940
2024-06-24 14:36:24.909  INFO 25168 --- [restartedMain] o.hibernate.jpa.internal.util.LogHelper  : HHH000204: Processing PersistenceUnitInfo [name: default]
2024-06-24 14:36:24.935  INFO 25168 --- [restartedMain] org.hibernate.Version                    : HHH000412: Hibernate ORM core version 5.6.10.Final
2024-06-24 14:36:25.027  INFO 25168 --- [restartedMain] o.hibernate.annotations.common.Version   : HCANN000001: Hibernate Commons Annotations {5.1.2.Final}
2024-06-24 14:36:25.081 DEBUG 25168 --- [restartedMain] com.zaxxer.hikari.HikariConfig           : HikariPool-1 - configuration:
2024-06-24 14:36:25.082 DEBUG 25168 --- [restartedMain] com.zaxxer.hikari.HikariConfig           : allowPoolSuspension................................false
2024-06-24 14:36:25.083 DEBUG 25168 --- [restartedMain] com.zaxxer.hikari.HikariConfig           : autoCommit................................true
2024-06-24 14:36:25.083 DEBUG 25168 --- [restartedMain] com.zaxxer.hikari.HikariConfig           : catalog................................none
2024-06-24 14:36:25.086 DEBUG 25168 --- [restartedMain] com.zaxxer.hikari.HikariConfig           : connectionInitSql................................none
2024-06-24 14:36:25.086 DEBUG 25168 --- [restartedMain] com.zaxxer.hikari.HikariConfig           : connectionTestQuery................................none
2024-06-24 14:36:25.087 DEBUG 25168 --- [restartedMain] com.zaxxer.hikari.HikariConfig           : connectionTimeout................................30000
2024-06-24 14:36:25.087 DEBUG 25168 --- [restartedMain] com.zaxxer.hikari.HikariConfig           : dataSource................................none
2024-06-24 14:36:25.088 DEBUG 25168 --- [restartedMain] com.zaxxer.hikari.HikariConfig           : dataSourceClassName................................none
2024-06-24 14:36:25.088 DEBUG 25168 --- [restartedMain] com.zaxxer.hikari.HikariConfig           : dataSourceJNDI................................none
2024-06-24 14:36:25.088 DEBUG 25168 --- [restartedMain] com.zaxxer.hikari.HikariConfig           : dataSourceProperties................................{password=<masked>}
2024-06-24 14:36:25.088 DEBUG 25168 --- [restartedMain] com.zaxxer.hikari.HikariConfig           : driverClassName................................"com.mysql.cj.jdbc.Driver"
2024-06-24 14:36:25.089 DEBUG 25168 --- [restartedMain] com.zaxxer.hikari.HikariConfig           : exceptionOverrideClassName................................none
2024-06-24 14:36:25.089 DEBUG 25168 --- [restartedMain] com.zaxxer.hikari.HikariConfig           : healthCheckProperties................................{}
2024-06-24 14:36:25.089 DEBUG 25168 --- [restartedMain] com.zaxxer.hikari.HikariConfig           : healthCheckRegistry................................none
2024-06-24 14:36:25.090 DEBUG 25168 --- [restartedMain] com.zaxxer.hikari.HikariConfig           : idleTimeout................................600000
2024-06-24 14:36:25.090 DEBUG 25168 --- [restartedMain] com.zaxxer.hikari.HikariConfig           : initializationFailTimeout................................1
2024-06-24 14:36:25.090 DEBUG 25168 --- [restartedMain] com.zaxxer.hikari.HikariConfig           : isolateInternalQueries................................false
2024-06-24 14:36:25.091 DEBUG 25168 --- [restartedMain] com.zaxxer.hikari.HikariConfig           : jdbcUrl................................jdbc:mysql://localhost:3306/paper_management
2024-06-24 14:36:25.091 DEBUG 25168 --- [restartedMain] com.zaxxer.hikari.HikariConfig           : keepaliveTime................................0
2024-06-24 14:36:25.091 DEBUG 25168 --- [restartedMain] com.zaxxer.hikari.HikariConfig           : leakDetectionThreshold................................0
2024-06-24 14:36:25.092 DEBUG 25168 --- [restartedMain] com.zaxxer.hikari.HikariConfig           : maxLifetime................................1800000
2024-06-24 14:36:25.092 DEBUG 25168 --- [restartedMain] com.zaxxer.hikari.HikariConfig           : maximumPoolSize................................10
2024-06-24 14:36:25.092 DEBUG 25168 --- [restartedMain] com.zaxxer.hikari.HikariConfig           : metricRegistry................................none
2024-06-24 14:36:25.093 DEBUG 25168 --- [restartedMain] com.zaxxer.hikari.HikariConfig           : metricsTrackerFactory................................none
2024-06-24 14:36:25.093 DEBUG 25168 --- [restartedMain] com.zaxxer.hikari.HikariConfig           : minimumIdle................................10
2024-06-24 14:36:25.093 DEBUG 25168 --- [restartedMain] com.zaxxer.hikari.HikariConfig           : password................................<masked>
2024-06-24 14:36:25.094 DEBUG 25168 --- [restartedMain] com.zaxxer.hikari.HikariConfig           : poolName................................"HikariPool-1"
2024-06-24 14:36:25.094 DEBUG 25168 --- [restartedMain] com.zaxxer.hikari.HikariConfig           : readOnly................................false
2024-06-24 14:36:25.094 DEBUG 25168 --- [restartedMain] com.zaxxer.hikari.HikariConfig           : registerMbeans................................false
2024-06-24 14:36:25.094 DEBUG 25168 --- [restartedMain] com.zaxxer.hikari.HikariConfig           : scheduledExecutor................................none
2024-06-24 14:36:25.094 DEBUG 25168 --- [restartedMain] com.zaxxer.hikari.HikariConfig           : schema................................none
2024-06-24 14:36:25.095 DEBUG 25168 --- [restartedMain] com.zaxxer.hikari.HikariConfig           : threadFactory................................internal
2024-06-24 14:36:25.098 DEBUG 25168 --- [restartedMain] com.zaxxer.hikari.HikariConfig           : transactionIsolation................................default
2024-06-24 14:36:25.098 DEBUG 25168 --- [restartedMain] com.zaxxer.hikari.HikariConfig           : username................................"root"
2024-06-24 14:36:25.099 DEBUG 25168 --- [restartedMain] com.zaxxer.hikari.HikariConfig           : validationTimeout................................5000
2024-06-24 14:36:25.099  INFO 25168 --- [restartedMain] com.zaxxer.hikari.HikariDataSource       : HikariPool-1 - Starting...
2024-06-24 14:36:25.290 DEBUG 25168 --- [restartedMain] com.zaxxer.hikari.pool.HikariPool        : HikariPool-1 - Added connection com.mysql.cj.jdbc.ConnectionImpl@2706cb87
2024-06-24 14:36:25.291  INFO 25168 --- [restartedMain] com.zaxxer.hikari.HikariDataSource       : HikariPool-1 - Start completed.
2024-06-24 14:36:25.307  INFO 25168 --- [restartedMain] org.hibernate.dialect.Dialect            : HHH000400: Using dialect: org.hibernate.dialect.MySQL8Dialect
2024-06-24 14:36:25.396 DEBUG 25168 --- [HikariPool-1 housekeeper] com.zaxxer.hikari.pool.HikariPool        : HikariPool-1 - Pool stats (total=1, active=0, idle=1, waiting=0)
2024-06-24 14:36:25.411 DEBUG 25168 --- [HikariPool-1 connection adder] com.zaxxer.hikari.pool.HikariPool        : HikariPool-1 - Added connection com.mysql.cj.jdbc.ConnectionImpl@2bc00bd3
2024-06-24 14:36:25.422 DEBUG 25168 --- [HikariPool-1 connection adder] com.zaxxer.hikari.pool.HikariPool        : HikariPool-1 - Added connection com.mysql.cj.jdbc.ConnectionImpl@6afd01e8
2024-06-24 14:36:25.433 DEBUG 25168 --- [HikariPool-1 connection adder] com.zaxxer.hikari.pool.HikariPool        : HikariPool-1 - Added connection com.mysql.cj.jdbc.ConnectionImpl@5b5d6910
2024-06-24 14:36:25.445 DEBUG 25168 --- [HikariPool-1 connection adder] com.zaxxer.hikari.pool.HikariPool        : HikariPool-1 - Added connection com.mysql.cj.jdbc.ConnectionImpl@ad2fea7
2024-06-24 14:36:25.456 DEBUG 25168 --- [HikariPool-1 connection adder] com.zaxxer.hikari.pool.HikariPool        : HikariPool-1 - Added connection com.mysql.cj.jdbc.ConnectionImpl@e9c80cc
2024-06-24 14:36:25.467 DEBUG 25168 --- [HikariPool-1 connection adder] com.zaxxer.hikari.pool.HikariPool        : HikariPool-1 - Added connection com.mysql.cj.jdbc.ConnectionImpl@11f88c15
2024-06-24 14:36:25.478 DEBUG 25168 --- [HikariPool-1 connection adder] com.zaxxer.hikari.pool.HikariPool        : HikariPool-1 - Added connection com.mysql.cj.jdbc.ConnectionImpl@5b10e1d8
2024-06-24 14:36:25.487 DEBUG 25168 --- [HikariPool-1 connection adder] com.zaxxer.hikari.pool.HikariPool        : HikariPool-1 - Added connection com.mysql.cj.jdbc.ConnectionImpl@2a4387e4
2024-06-24 14:36:25.499 DEBUG 25168 --- [HikariPool-1 connection adder] com.zaxxer.hikari.pool.HikariPool        : HikariPool-1 - Added connection com.mysql.cj.jdbc.ConnectionImpl@43ba6daf
2024-06-24 14:36:25.499 DEBUG 25168 --- [HikariPool-1 connection adder] com.zaxxer.hikari.pool.HikariPool        : HikariPool-1 - After adding stats (total=10, active=0, idle=10, waiting=0)
2024-06-24 14:36:25.701  INFO 25168 --- [restartedMain] o.h.e.t.j.p.i.JtaPlatformInitiator       : HHH000490: Using JtaPlatform implementation: [org.hibernate.engine.transaction.jta.platform.internal.NoJtaPlatform]
2024-06-24 14:36:25.706  INFO 25168 --- [restartedMain] j.LocalContainerEntityManagerFactoryBean : Initialized JPA EntityManagerFactory for persistence unit 'default'
2024-06-24 14:36:26.053  WARN 25168 --- [restartedMain] JpaBaseConfiguration$JpaWebConfiguration : spring.jpa.open-in-view is enabled by default. Therefore, database queries may be performed during view rendering. Explicitly configure spring.jpa.open-in-view to disable this warning
2024-06-24 14:36:26.122  INFO 25168 --- [restartedMain] o.s.b.a.w.s.WelcomePageHandlerMapping    : Adding welcome page: class path resource [static/index.html]
2024-06-24 14:36:26.212  INFO 25168 --- [restartedMain] o.s.b.d.a.OptionalLiveReloadServer       : LiveReload server is running on port 35729
2024-06-24 14:36:26.243  INFO 25168 --- [restartedMain] o.s.b.w.embedded.tomcat.TomcatWebServer  : Tomcat started on port(s): 8080 (http) with context path ''
2024-06-24 14:36:26.255  INFO 25168 --- [restartedMain] c.myproject.PaperManagementApplication   : Started PaperManagementApplication in 2.536 seconds (JVM running for 2.822)
2024-06-24 14:36:31.374  INFO 25168 --- [http-nio-8080-exec-1] o.a.c.c.C.[Tomcat].[localhost].[/]       : Initializing Spring DispatcherServlet 'dispatcherServlet'
2024-06-24 14:36:31.374  INFO 25168 --- [http-nio-8080-exec-1] o.s.web.servlet.DispatcherServlet        : Initializing Servlet 'dispatcherServlet'
2024-06-24 14:36:31.376  INFO 25168 --- [http-nio-8080-exec-1] o.s.web.servlet.DispatcherServlet        : Completed initialization in 1 ms
2024-06-24 14:36:55.404 DEBUG 25168 --- [HikariPool-1 housekeeper] com.zaxxer.hikari.pool.HikariPool        : HikariPool-1 - Pool stats (total=10, active=0, idle=10, waiting=0)
2024-06-24 14:36:55.404 DEBUG 25168 --- [HikariPool-1 housekeeper] com.zaxxer.hikari.pool.HikariPool        : HikariPool-1 - Fill pool skipped, pool is at sufficient level.
2024-06-24 14:37:25.420 DEBUG 25168 --- [HikariPool-1 housekeeper] com.zaxxer.hikari.pool.HikariPool        : HikariPool-1 - Pool stats (total=10, active=0, idle=10, waiting=0)
2024-06-24 14:37:25.421 DEBUG 25168 --- [HikariPool-1 housekeeper] com.zaxxer.hikari.pool.HikariPool        : HikariPool-1 - Fill pool skipped, pool is at sufficient level.
2024-06-24 14:37:55.429 DEBUG 25168 --- [HikariPool-1 housekeeper] com.zaxxer.hikari.pool.HikariPool        : HikariPool-1 - Pool stats (total=10, active=0, idle=10, waiting=0)
2024-06-24 14:37:55.430 DEBUG 25168 --- [HikariPool-1 housekeeper] com.zaxxer.hikari.pool.HikariPool        : HikariPool-1 - Fill pool skipped, pool is at sufficient level.
2024-06-24 14:38:25.439 DEBUG 25168 --- [HikariPool-1 housekeeper] com.zaxxer.hikari.pool.HikariPool        : HikariPool-1 - Pool stats (total=10, active=0, idle=10, waiting=0)
2024-06-24 14:38:25.439 DEBUG 25168 --- [HikariPool-1 housekeeper] com.zaxxer.hikari.pool.HikariPool        : HikariPool-1 - Fill pool skipped, pool is at sufficient level.
2024-06-24 14:38:55.452 DEBUG 25168 --- [HikariPool-1 housekeeper] com.zaxxer.hikari.pool.HikariPool        : HikariPool-1 - Pool stats (total=10, active=0, idle=10, waiting=0)
2024-06-24 14:38:55.453 DEBUG 25168 --- [HikariPool-1 housekeeper] com.zaxxer.hikari.pool.HikariPool        : HikariPool-1 - Fill pool skipped, pool is at sufficient level.
2024-06-24 14:39:25.460 DEBUG 25168 --- [HikariPool-1 housekeeper] com.zaxxer.hikari.pool.HikariPool        : HikariPool-1 - Pool stats (total=10, active=0, idle=10, waiting=0)
2024-06-24 14:39:25.462 DEBUG 25168 --- [HikariPool-1 housekeeper] com.zaxxer.hikari.pool.HikariPool        : HikariPool-1 - Fill pool skipped, pool is at sufficient level.
2024-06-24 14:39:55.472 DEBUG 25168 --- [HikariPool-1 housekeeper] com.zaxxer.hikari.pool.HikariPool        : HikariPool-1 - Pool stats (total=10, active=0, idle=10, waiting=0)
2024-06-24 14:39:55.473 DEBUG 25168 --- [HikariPool-1 housekeeper] com.zaxxer.hikari.pool.HikariPool        : HikariPool-1 - Fill pool skipped, pool is at sufficient level.
2024-06-24 14:40:25.488 DEBUG 25168 --- [HikariPool-1 housekeeper] com.zaxxer.hikari.pool.HikariPool        : HikariPool-1 - Pool stats (total=10, active=0, idle=10, waiting=0)
2024-06-24 14:40:25.489 DEBUG 25168 --- [HikariPool-1 housekeeper] com.zaxxer.hikari.pool.HikariPool        : HikariPool-1 - Fill pool skipped, pool is at sufficient level.
2024-06-24 14:40:55.500 DEBUG 25168 --- [HikariPool-1 housekeeper] com.zaxxer.hikari.pool.HikariPool        : HikariPool-1 - Pool stats (total=10, active=0, idle=10, waiting=0)
2024-06-24 14:40:55.500 DEBUG 25168 --- [HikariPool-1 housekeeper] com.zaxxer.hikari.pool.HikariPool        : HikariPool-1 - Fill pool skipped, pool is at sufficient level.
2024-06-24 14:41:25.503 DEBUG 25168 --- [HikariPool-1 housekeeper] com.zaxxer.hikari.pool.HikariPool        : HikariPool-1 - Pool stats (total=10, active=0, idle=10, waiting=0)
2024-06-24 14:41:25.504 DEBUG 25168 --- [HikariPool-1 housekeeper] com.zaxxer.hikari.pool.HikariPool        : HikariPool-1 - Fill pool skipped, pool is at sufficient level.
2024-06-24 14:41:55.512 DEBUG 25168 --- [HikariPool-1 housekeeper] com.zaxxer.hikari.pool.HikariPool        : HikariPool-1 - Pool stats (total=10, active=0, idle=10, waiting=0)
2024-06-24 14:41:55.514 DEBUG 25168 --- [HikariPool-1 housekeeper] com.zaxxer.hikari.pool.HikariPool        : HikariPool-1 - Fill pool skipped, pool is at sufficient level.
2024-06-24 14:42:25.518 DEBUG 25168 --- [HikariPool-1 housekeeper] com.zaxxer.hikari.pool.HikariPool        : HikariPool-1 - Pool stats (total=10, active=0, idle=10, waiting=0)
2024-06-24 14:42:25.518 DEBUG 25168 --- [HikariPool-1 housekeeper] com.zaxxer.hikari.pool.HikariPool        : HikariPool-1 - Fill pool skipped, pool is at sufficient level.
2024-06-24 14:42:55.530 DEBUG 25168 --- [HikariPool-1 housekeeper] com.zaxxer.hikari.pool.HikariPool        : HikariPool-1 - Pool stats (total=10, active=0, idle=10, waiting=0)
2024-06-24 14:42:55.530 DEBUG 25168 --- [HikariPool-1 housekeeper] com.zaxxer.hikari.pool.HikariPool        : HikariPool-1 - Fill pool skipped, pool is at sufficient level.
2024-06-24 14:43:25.540 DEBUG 25168 --- [HikariPool-1 housekeeper] com.zaxxer.hikari.pool.HikariPool        : HikariPool-1 - Pool stats (total=10, active=0, idle=10, waiting=0)
2024-06-24 14:43:25.540 DEBUG 25168 --- [HikariPool-1 housekeeper] com.zaxxer.hikari.pool.HikariPool        : HikariPool-1 - Fill pool skipped, pool is at sufficient level.
2024-06-24 14:43:55.544 DEBUG 25168 --- [HikariPool-1 housekeeper] com.zaxxer.hikari.pool.HikariPool        : HikariPool-1 - Pool stats (total=10, active=0, idle=10, waiting=0)
2024-06-24 14:43:55.545 DEBUG 25168 --- [HikariPool-1 housekeeper] com.zaxxer.hikari.pool.HikariPool        : HikariPool-1 - Fill pool skipped, pool is at sufficient level.
2024-06-24 14:44:25.552 DEBUG 25168 --- [HikariPool-1 housekeeper] com.zaxxer.hikari.pool.HikariPool        : HikariPool-1 - Pool stats (total=10, active=0, idle=10, waiting=0)
2024-06-24 14:44:25.552 DEBUG 25168 --- [HikariPool-1 housekeeper] com.zaxxer.hikari.pool.HikariPool        : HikariPool-1 - Fill pool skipped, pool is at sufficient level.
2024-06-24 14:44:55.555 DEBUG 25168 --- [HikariPool-1 housekeeper] com.zaxxer.hikari.pool.HikariPool        : HikariPool-1 - Pool stats (total=10, active=0, idle=10, waiting=0)
2024-06-24 14:44:55.556 DEBUG 25168 --- [HikariPool-1 housekeeper] com.zaxxer.hikari.pool.HikariPool        : HikariPool-1 - Fill pool skipped, pool is at sufficient level.
2024-06-24 14:45:25.569 DEBUG 25168 --- [HikariPool-1 housekeeper] com.zaxxer.hikari.pool.HikariPool        : HikariPool-1 - Pool stats (total=10, active=0, idle=10, waiting=0)
2024-06-24 14:45:25.570 DEBUG 25168 --- [HikariPool-1 housekeeper] com.zaxxer.hikari.pool.HikariPool        : HikariPool-1 - Fill pool skipped, pool is at sufficient level.
2024-06-24 14:45:55.572 DEBUG 25168 --- [HikariPool-1 housekeeper] com.zaxxer.hikari.pool.HikariPool        : HikariPool-1 - Pool stats (total=10, active=0, idle=10, waiting=0)
2024-06-24 14:45:55.573 DEBUG 25168 --- [HikariPool-1 housekeeper] com.zaxxer.hikari.pool.HikariPool        : HikariPool-1 - Fill pool skipped, pool is at sufficient level.
2024-06-24 14:46:25.580 DEBUG 25168 --- [HikariPool-1 housekeeper] com.zaxxer.hikari.pool.HikariPool        : HikariPool-1 - Pool stats (total=10, active=0, idle=10, waiting=0)
2024-06-24 14:46:25.581 DEBUG 25168 --- [HikariPool-1 housekeeper] com.zaxxer.hikari.pool.HikariPool        : HikariPool-1 - Fill pool skipped, pool is at sufficient level.
2024-06-24 14:46:55.588 DEBUG 25168 --- [HikariPool-1 housekeeper] com.zaxxer.hikari.pool.HikariPool        : HikariPool-1 - Pool stats (total=10, active=0, idle=10, waiting=0)
2024-06-24 14:46:55.590 DEBUG 25168 --- [HikariPool-1 housekeeper] com.zaxxer.hikari.pool.HikariPool        : HikariPool-1 - Fill pool skipped, pool is at sufficient level.
2024-06-24 14:47:25.599 DEBUG 25168 --- [HikariPool-1 housekeeper] com.zaxxer.hikari.pool.HikariPool        : HikariPool-1 - Pool stats (total=10, active=0, idle=10, waiting=0)
2024-06-24 14:47:25.600 DEBUG 25168 --- [HikariPool-1 housekeeper] com.zaxxer.hikari.pool.HikariPool        : HikariPool-1 - Fill pool skipped, pool is at sufficient level.
2024-06-24 14:47:55.609 DEBUG 25168 --- [HikariPool-1 housekeeper] com.zaxxer.hikari.pool.HikariPool        : HikariPool-1 - Pool stats (total=10, active=0, idle=10, waiting=0)
2024-06-24 14:47:55.610 DEBUG 25168 --- [HikariPool-1 housekeeper] com.zaxxer.hikari.pool.HikariPool        : HikariPool-1 - Fill pool skipped, pool is at sufficient level.
2024-06-24 14:48:25.614 DEBUG 25168 --- [HikariPool-1 housekeeper] com.zaxxer.hikari.pool.HikariPool        : HikariPool-1 - Pool stats (total=10, active=0, idle=10, waiting=0)
2024-06-24 14:48:25.615 DEBUG 25168 --- [HikariPool-1 housekeeper] com.zaxxer.hikari.pool.HikariPool        : HikariPool-1 - Fill pool skipped, pool is at sufficient level.
2024-06-24 14:48:55.630 DEBUG 25168 --- [HikariPool-1 housekeeper] com.zaxxer.hikari.pool.HikariPool        : HikariPool-1 - Pool stats (total=10, active=0, idle=10, waiting=0)
2024-06-24 14:48:55.631 DEBUG 25168 --- [HikariPool-1 housekeeper] com.zaxxer.hikari.pool.HikariPool        : HikariPool-1 - Fill pool skipped, pool is at sufficient level.
2024-06-24 14:49:25.639 DEBUG 25168 --- [HikariPool-1 housekeeper] com.zaxxer.hikari.pool.HikariPool        : HikariPool-1 - Pool stats (total=10, active=0, idle=10, waiting=0)
2024-06-24 14:49:25.639 DEBUG 25168 --- [HikariPool-1 housekeeper] com.zaxxer.hikari.pool.HikariPool        : HikariPool-1 - Fill pool skipped, pool is at sufficient level.
2024-06-24 14:49:55.655 DEBUG 25168 --- [HikariPool-1 housekeeper] com.zaxxer.hikari.pool.HikariPool        : HikariPool-1 - Pool stats (total=10, active=0, idle=10, waiting=0)
2024-06-24 14:49:55.655 DEBUG 25168 --- [HikariPool-1 housekeeper] com.zaxxer.hikari.pool.HikariPool        : HikariPool-1 - Fill pool skipped, pool is at sufficient level.
2024-06-24 14:50:25.668 DEBUG 25168 --- [HikariPool-1 housekeeper] com.zaxxer.hikari.pool.HikariPool        : HikariPool-1 - Pool stats (total=10, active=0, idle=10, waiting=0)
2024-06-24 14:50:25.669 DEBUG 25168 --- [HikariPool-1 housekeeper] com.zaxxer.hikari.pool.HikariPool        : HikariPool-1 - Fill pool skipped, pool is at sufficient level.
2024-06-24 14:50:55.679 DEBUG 25168 --- [HikariPool-1 housekeeper] com.zaxxer.hikari.pool.HikariPool        : HikariPool-1 - Pool stats (total=10, active=0, idle=10, waiting=0)
2024-06-24 14:50:55.680 DEBUG 25168 --- [HikariPool-1 housekeeper] com.zaxxer.hikari.pool.HikariPool        : HikariPool-1 - Fill pool skipped, pool is at sufficient level.
2024-06-24 14:51:25.683 DEBUG 25168 --- [HikariPool-1 housekeeper] com.zaxxer.hikari.pool.HikariPool        : HikariPool-1 - Pool stats (total=10, active=0, idle=10, waiting=0)
2024-06-24 14:51:25.683 DEBUG 25168 --- [HikariPool-1 housekeeper] com.zaxxer.hikari.pool.HikariPool        : HikariPool-1 - Fill pool skipped, pool is at sufficient level.
2024-06-24 14:51:55.690 DEBUG 25168 --- [HikariPool-1 housekeeper] com.zaxxer.hikari.pool.HikariPool        : HikariPool-1 - Pool stats (total=10, active=0, idle=10, waiting=0)
2024-06-24 14:51:55.691 DEBUG 25168 --- [HikariPool-1 housekeeper] com.zaxxer.hikari.pool.HikariPool        : HikariPool-1 - Fill pool skipped, pool is at sufficient level.
2024-06-24 14:52:25.705 DEBUG 25168 --- [HikariPool-1 housekeeper] com.zaxxer.hikari.pool.HikariPool        : HikariPool-1 - Pool stats (total=10, active=0, idle=10, waiting=0)
2024-06-24 14:52:25.706 DEBUG 25168 --- [HikariPool-1 housekeeper] com.zaxxer.hikari.pool.HikariPool        : HikariPool-1 - Fill pool skipped, pool is at sufficient level.
2024-06-24 14:52:55.710 DEBUG 25168 --- [HikariPool-1 housekeeper] com.zaxxer.hikari.pool.HikariPool        : HikariPool-1 - Pool stats (total=10, active=0, idle=10, waiting=0)
2024-06-24 14:52:55.710 DEBUG 25168 --- [HikariPool-1 housekeeper] com.zaxxer.hikari.pool.HikariPool        : HikariPool-1 - Fill pool skipped, pool is at sufficient level.
2024-06-24 14:53:25.719 DEBUG 25168 --- [HikariPool-1 housekeeper] com.zaxxer.hikari.pool.HikariPool        : HikariPool-1 - Pool stats (total=10, active=0, idle=10, waiting=0)
2024-06-24 14:53:25.720 DEBUG 25168 --- [HikariPool-1 housekeeper] com.zaxxer.hikari.pool.HikariPool        : HikariPool-1 - Fill pool skipped, pool is at sufficient level.
2024-06-24 14:53:55.726 DEBUG 25168 --- [HikariPool-1 housekeeper] com.zaxxer.hikari.pool.HikariPool        : HikariPool-1 - Pool stats (total=10, active=0, idle=10, waiting=0)
2024-06-24 14:53:55.727 DEBUG 25168 --- [HikariPool-1 housekeeper] com.zaxxer.hikari.pool.HikariPool        : HikariPool-1 - Fill pool skipped, pool is at sufficient level.
2024-06-24 14:54:25.732 DEBUG 25168 --- [HikariPool-1 housekeeper] com.zaxxer.hikari.pool.HikariPool        : HikariPool-1 - Pool stats (total=10, active=0, idle=10, waiting=0)
2024-06-24 14:54:25.734 DEBUG 25168 --- [HikariPool-1 housekeeper] com.zaxxer.hikari.pool.HikariPool        : HikariPool-1 - Fill pool skipped, pool is at sufficient level.
2024-06-24 14:54:55.744 DEBUG 25168 --- [HikariPool-1 housekeeper] com.zaxxer.hikari.pool.HikariPool        : HikariPool-1 - Pool stats (total=10, active=0, idle=10, waiting=0)
2024-06-24 14:54:55.745 DEBUG 25168 --- [HikariPool-1 housekeeper] com.zaxxer.hikari.pool.HikariPool        : HikariPool-1 - Fill pool skipped, pool is at sufficient level.
2024-06-24 14:55:25.754 DEBUG 25168 --- [HikariPool-1 housekeeper] com.zaxxer.hikari.pool.HikariPool        : HikariPool-1 - Pool stats (total=10, active=0, idle=10, waiting=0)
2024-06-24 14:55:25.755 DEBUG 25168 --- [HikariPool-1 housekeeper] com.zaxxer.hikari.pool.HikariPool        : HikariPool-1 - Fill pool skipped, pool is at sufficient level.
2024-06-24 14:55:55.764 DEBUG 25168 --- [HikariPool-1 housekeeper] com.zaxxer.hikari.pool.HikariPool        : HikariPool-1 - Pool stats (total=10, active=0, idle=10, waiting=0)
2024-06-24 14:55:55.765 DEBUG 25168 --- [HikariPool-1 housekeeper] com.zaxxer.hikari.pool.HikariPool        : HikariPool-1 - Fill pool skipped, pool is at sufficient level.
2024-06-24 14:56:25.782 DEBUG 25168 --- [HikariPool-1 housekeeper] com.zaxxer.hikari.pool.HikariPool        : HikariPool-1 - Pool stats (total=10, active=0, idle=10, waiting=0)
2024-06-24 14:56:25.783 DEBUG 25168 --- [HikariPool-1 housekeeper] com.zaxxer.hikari.pool.HikariPool        : HikariPool-1 - Fill pool skipped, pool is at sufficient level.
2024-06-24 14:56:55.800 DEBUG 25168 --- [HikariPool-1 housekeeper] com.zaxxer.hikari.pool.HikariPool        : HikariPool-1 - Pool stats (total=10, active=0, idle=10, waiting=0)
2024-06-24 14:56:55.801 DEBUG 25168 --- [HikariPool-1 housekeeper] com.zaxxer.hikari.pool.HikariPool        : HikariPool-1 - Fill pool skipped, pool is at sufficient level.
2024-06-24 14:57:25.812 DEBUG 25168 --- [HikariPool-1 housekeeper] com.zaxxer.hikari.pool.HikariPool        : HikariPool-1 - Pool stats (total=10, active=0, idle=10, waiting=0)
2024-06-24 14:57:25.813 DEBUG 25168 --- [HikariPool-1 housekeeper] com.zaxxer.hikari.pool.HikariPool        : HikariPool-1 - Fill pool skipped, pool is at sufficient level.
2024-06-24 14:57:55.827 DEBUG 25168 --- [HikariPool-1 housekeeper] com.zaxxer.hikari.pool.HikariPool        : HikariPool-1 - Pool stats (total=10, active=0, idle=10, waiting=0)
2024-06-24 14:57:55.828 DEBUG 25168 --- [HikariPool-1 housekeeper] com.zaxxer.hikari.pool.HikariPool        : HikariPool-1 - Fill pool skipped, pool is at sufficient level.
2024-06-24 14:58:25.838 DEBUG 25168 --- [HikariPool-1 housekeeper] com.zaxxer.hikari.pool.HikariPool        : HikariPool-1 - Pool stats (total=10, active=0, idle=10, waiting=0)
2024-06-24 14:58:25.839 DEBUG 25168 --- [HikariPool-1 housekeeper] com.zaxxer.hikari.pool.HikariPool        : HikariPool-1 - Fill pool skipped, pool is at sufficient level.
2024-06-24 14:58:55.841 DEBUG 25168 --- [HikariPool-1 housekeeper] com.zaxxer.hikari.pool.HikariPool        : HikariPool-1 - Pool stats (total=10, active=0, idle=10, waiting=0)
2024-06-24 14:58:55.841 DEBUG 25168 --- [HikariPool-1 housekeeper] com.zaxxer.hikari.pool.HikariPool        : HikariPool-1 - Fill pool skipped, pool is at sufficient level.
2024-06-24 14:59:25.846 DEBUG 25168 --- [HikariPool-1 housekeeper] com.zaxxer.hikari.pool.HikariPool        : HikariPool-1 - Pool stats (total=10, active=0, idle=10, waiting=0)
2024-06-24 14:59:25.846 DEBUG 25168 --- [HikariPool-1 housekeeper] com.zaxxer.hikari.pool.HikariPool        : HikariPool-1 - Fill pool skipped, pool is at sufficient level.
2024-06-24 14:59:55.859 DEBUG 25168 --- [HikariPool-1 housekeeper] com.zaxxer.hikari.pool.HikariPool        : HikariPool-1 - Pool stats (total=10, active=0, idle=10, waiting=0)
2024-06-24 14:59:55.859 DEBUG 25168 --- [HikariPool-1 housekeeper] com.zaxxer.hikari.pool.HikariPool        : HikariPool-1 - Fill pool skipped, pool is at sufficient level.
2024-06-24 15:00:00.849  INFO 25168 --- [SpringApplicationShutdownHook] j.LocalContainerEntityManagerFactoryBean : Closing JPA EntityManagerFactory for persistence unit 'default'
2024-06-24 15:00:00.851  INFO 25168 --- [SpringApplicationShutdownHook] com.zaxxer.hikari.HikariDataSource       : HikariPool-1 - Shutdown initiated...
2024-06-24 15:00:00.851 DEBUG 25168 --- [SpringApplicationShutdownHook] com.zaxxer.hikari.pool.HikariPool        : HikariPool-1 - Before shutdown stats (total=10, active=0, idle=10, waiting=0)
2024-06-24 15:00:00.854 DEBUG 25168 --- [HikariPool-1 connection closer] com.zaxxer.hikari.pool.PoolBase          : HikariPool-1 - Closing connection com.mysql.cj.jdbc.ConnectionImpl@2706cb87: (connection evicted)
2024-06-24 15:00:00.855 DEBUG 25168 --- [HikariPool-1 connection closer] com.zaxxer.hikari.pool.PoolBase          : HikariPool-1 - Closing connection com.mysql.cj.jdbc.ConnectionImpl@2bc00bd3: (connection evicted)
2024-06-24 15:00:00.856 DEBUG 25168 --- [HikariPool-1 connection closer] com.zaxxer.hikari.pool.PoolBase          : HikariPool-1 - Closing connection com.mysql.cj.jdbc.ConnectionImpl@6afd01e8: (connection evicted)
2024-06-24 15:00:00.857 DEBUG 25168 --- [HikariPool-1 connection closer] com.zaxxer.hikari.pool.PoolBase          : HikariPool-1 - Closing connection com.mysql.cj.jdbc.ConnectionImpl@5b5d6910: (connection evicted)
2024-06-24 15:00:00.857 DEBUG 25168 --- [HikariPool-1 connection closer] com.zaxxer.hikari.pool.PoolBase          : HikariPool-1 - Closing connection com.mysql.cj.jdbc.ConnectionImpl@ad2fea7: (connection evicted)
2024-06-24 15:00:00.858 DEBUG 25168 --- [HikariPool-1 connection closer] com.zaxxer.hikari.pool.PoolBase          : HikariPool-1 - Closing connection com.mysql.cj.jdbc.ConnectionImpl@e9c80cc: (connection evicted)
2024-06-24 15:00:00.858 DEBUG 25168 --- [HikariPool-1 connection closer] com.zaxxer.hikari.pool.PoolBase          : HikariPool-1 - Closing connection com.mysql.cj.jdbc.ConnectionImpl@11f88c15: (connection evicted)
2024-06-24 15:00:00.858 DEBUG 25168 --- [HikariPool-1 connection closer] com.zaxxer.hikari.pool.PoolBase          : HikariPool-1 - Closing connection com.mysql.cj.jdbc.ConnectionImpl@5b10e1d8: (connection evicted)
2024-06-24 15:00:00.858 DEBUG 25168 --- [HikariPool-1 connection closer] com.zaxxer.hikari.pool.PoolBase          : HikariPool-1 - Closing connection com.mysql.cj.jdbc.ConnectionImpl@2a4387e4: (connection evicted)
2024-06-24 15:00:00.859 DEBUG 25168 --- [HikariPool-1 connection closer] com.zaxxer.hikari.pool.PoolBase          : HikariPool-1 - Closing connection com.mysql.cj.jdbc.ConnectionImpl@43ba6daf: (connection evicted)
2024-06-24 15:00:00.859 DEBUG 25168 --- [SpringApplicationShutdownHook] com.zaxxer.hikari.pool.HikariPool        : HikariPool-1 - After shutdown stats (total=0, active=0, idle=0, waiting=0)
2024-06-24 15:00:00.859  INFO 25168 --- [SpringApplicationShutdownHook] com.zaxxer.hikari.HikariDataSource       : HikariPool-1 - Shutdown completed.
